<?xml version="1.0" encoding="UTF-8"?>
<!-- Generated by org.testng.reporters.JUnitXMLReporter -->
<testsuite ignored="0" hostname="DESKTOP-J2ES450" failures="0" tests="5" name="Default test" time="260.138" errors="0" timestamp="2022-04-27T21:23:16 IST">
  <testcase classname="com.test.shopping.Checkout" name="validateAquantity" time="26.036"/>
  <testcase classname="com.test.shopping.Checkout" name="validateDelete" time="50.96"/>
  <testcase classname="com.test.shopping.Checkout" name="validatePromo" time="49.591"/>
  <testcase classname="com.test.shopping.Checkout" name="validatePurchase" time="50.483"/>
  <testcase classname="com.test.shopping.Checkout" name="validateSize" time="50.347"/>
</testsuite> <!-- Default test -->
