<?xml version="1.0" encoding="UTF-8"?>
<!-- Generated by org.testng.reporters.JUnitXMLReporter -->
<testsuite ignored="0" hostname="DESKTOP-J2ES450" failures="0" tests="5" name="Checkout Test Cases" time="275.747" errors="0" timestamp="2022-04-27T21:37:50 IST">
  <testcase classname="com.test.shopping.Checkout" name="validateAdjustQuantity" time="25.911"/>
  <testcase classname="com.test.shopping.Checkout" name="validateDelete" time="50.831"/>
  <testcase classname="com.test.shopping.Checkout" name="validatePromo" time="49.501"/>
  <testcase classname="com.test.shopping.Checkout" name="validatePurchase" time="50.477"/>
  <testcase classname="com.test.shopping.Checkout" name="validateSize" time="65.74"/>
</testsuite> <!-- Checkout Test Cases -->
