<?xml version="1.0" encoding="UTF-8"?>
<testng-results ignored="0" total="5" passed="5" failed="0" skipped="0">
  <reporter-output>
  </reporter-output>
  <suite started-at="2022-04-27T21:33:14 IST" name="Test-Suite" finished-at="2022-04-27T21:37:50 IST" duration-ms="275747">
    <groups>
    </groups>
    <test started-at="2022-04-27T21:33:14 IST" name="Checkout Test Cases" finished-at="2022-04-27T21:37:50 IST" duration-ms="275747">
      <class name="com.test.shopping.Checkout">
        <test-method is-config="true" signature="setup()[pri:0, instance:com.test.shopping.Checkout@72e5a8e]" started-at="2022-04-27T21:33:15 IST" name="setup" finished-at="2022-04-27T21:33:47 IST" duration-ms="32270" status="PASS">
          <reporter-output>
          </reporter-output>
        </test-method> <!-- setup -->
        <test-method signature="validateAdjustQuantity()[pri:0, instance:com.test.shopping.Checkout@72e5a8e]" started-at="2022-04-27T21:33:47 IST" name="validateAdjustQuantity" finished-at="2022-04-27T21:34:13 IST" duration-ms="25911" status="PASS">
          <reporter-output>
          </reporter-output>
        </test-method> <!-- validateAdjustQuantity -->
        <test-method signature="validateDelete()[pri:0, instance:com.test.shopping.Checkout@72e5a8e]" started-at="2022-04-27T21:34:13 IST" name="validateDelete" finished-at="2022-04-27T21:35:04 IST" duration-ms="50831" status="PASS">
          <reporter-output>
          </reporter-output>
        </test-method> <!-- validateDelete -->
        <test-method signature="validatePromo()[pri:0, instance:com.test.shopping.Checkout@72e5a8e]" started-at="2022-04-27T21:35:04 IST" name="validatePromo" finished-at="2022-04-27T21:35:53 IST" duration-ms="49501" status="PASS">
          <reporter-output>
          </reporter-output>
        </test-method> <!-- validatePromo -->
        <test-method signature="validatePurchase()[pri:0, instance:com.test.shopping.Checkout@72e5a8e]" started-at="2022-04-27T21:35:53 IST" name="validatePurchase" finished-at="2022-04-27T21:36:44 IST" duration-ms="50477" status="PASS">
          <reporter-output>
          </reporter-output>
        </test-method> <!-- validatePurchase -->
        <test-method signature="validateSize()[pri:0, instance:com.test.shopping.Checkout@72e5a8e]" started-at="2022-04-27T21:36:44 IST" name="validateSize" finished-at="2022-04-27T21:37:49 IST" duration-ms="65740" status="PASS">
          <reporter-output>
          </reporter-output>
        </test-method> <!-- validateSize -->
        <test-method is-config="true" signature="cleanup()[pri:0, instance:com.test.shopping.Checkout@72e5a8e]" started-at="2022-04-27T21:37:49 IST" name="cleanup" finished-at="2022-04-27T21:37:50 IST" duration-ms="876" status="PASS">
          <reporter-output>
          </reporter-output>
        </test-method> <!-- cleanup -->
      </class> <!-- com.test.shopping.Checkout -->
    </test> <!-- Checkout Test Cases -->
  </suite> <!-- Test-Suite -->
</testng-results>
